<?xml version="1.0" encoding="UTF-8"?>
<!-- Generated by org.testng.reporters.JUnitXMLReporter -->
<testsuite ignored="0" hostname="DESKTOP-GI12ECJ" failures="0" tests="11" name="API Tests" time="10.458" errors="0" timestamp="2026-01-20T19:29:39 IST">
  <testcase classname="com.qa.test.CreateProductUsingPOJOTest" name="createProduct" time="2.353"/>
  <testcase classname="com.qa.test.GetAllProductsTest" name="getAllProducts" time="0.518"/>
  <testcase classname="com.qa.test.GetProductAfterCreateTest" name="createAndGetProduct" time="0.999"/>
  <testcase classname="com.qa.test.GetSingleProductTest" name="getLimitedProducts" time="0.517"/>
  <testcase classname="com.qa.test.GetSingleProductTest" name="getProductById" time="0.656"/>
  <testcase classname="com.qa.test.GetSingleProductTest" name="getProductById" time="0.512"/>
  <testcase classname="com.qa.test.GetSingleProductTest" name="getProductById" time="0.494"/>
  <testcase classname="com.qa.test.GetSingleProductTest" name="getProductById_dynamic" time="1.051"/>
  <testcase classname="com.qa.test.PartialUpdateUsingPOJOTest" name="partialUpdateUsingPOJOTest" time="1.181"/>
  <testcase classname="com.qa.test.UnauthorizedAccessTest" name="getProductsWithoutAuth_ShouldReturn401" time="0.621"/>
  <testcase classname="com.qa.test.UpdateProductUsingPOJOTest" name="updateProductUsingPOJOTest" time="1.042"/>
</testsuite> <!-- API Tests -->
