<?xml version="1.0" encoding="UTF-8"?>
<!-- Generated by org.testng.reporters.JUnitXMLReporter -->
<testsuite ignored="0" hostname="DESKTOP-GI12ECJ" failures="0" tests="11" name="API Tests" time="9.383" errors="0" timestamp="2026-01-20T21:01:09 IST">
  <testcase classname="com.qa.test.CreateProductUsingPOJOTest" name="createProduct" time="2.067"/>
  <testcase classname="com.qa.test.GetAllProductsTest" name="getAllProducts" time="0.501"/>
  <testcase classname="com.qa.test.GetProductAfterCreateTest" name="createAndGetProduct" time="0.882"/>
  <testcase classname="com.qa.test.GetSingleProductTest" name="getLimitedProducts" time="0.598"/>
  <testcase classname="com.qa.test.GetSingleProductTest" name="getProductById" time="0.5"/>
  <testcase classname="com.qa.test.GetSingleProductTest" name="getProductById" time="0.584"/>
  <testcase classname="com.qa.test.GetSingleProductTest" name="getProductById" time="0.482"/>
  <testcase classname="com.qa.test.GetSingleProductTest" name="getProductById_dynamic" time="0.901"/>
  <testcase classname="com.qa.test.PartialUpdateUsingPOJOTest" name="partialUpdateUsingPOJOTest" time="0.933"/>
  <testcase classname="com.qa.test.UnauthorizedAccessTest" name="getProductsWithoutAuth_ShouldReturn401" time="0.533"/>
  <testcase classname="com.qa.test.UpdateProductUsingPOJOTest" name="updateProductUsingPOJOTest" time="0.917"/>
</testsuite> <!-- API Tests -->
