<?xml version="1.0" encoding="UTF-8"?>
<testsuite xmlns:xsi="http://www.w3.org/2001/XMLSchema-instance" xsi:noNamespaceSchemaLocation="https://maven.apache.org/surefire/maven-surefire-plugin/xsd/surefire-test-report-3.0.xsd" version="3.0" name="TestSuite" time="10.947" tests="11" errors="0" skipped="0" failures="0">
  <properties>
[...]
</properties>
  <testcase name="createProduct" classname="com.qa.test.CreateProductUsingPOJOTest" time="2.354">
    <system-out><![CDATA[Base URI Loaded = https://fakestoreapi.com
]]></system-out>
    <system-err><![CDATA[SLF4J: Failed to load class "org.slf4j.impl.StaticLoggerBinder".
SLF4J: Defaulting to no-operation (NOP) logger implementation
SLF4J: See http://www.slf4j.org/codes.html#StaticLoggerBinder for further details.
]]></system-err>
  </testcase>
  <testcase name="getAllProducts" classname="com.qa.test.GetAllProductsTest" time="0.515">
    <system-out><![CDATA[Base URI Loaded = https://fakestoreapi.com
]]></system-out>
  </testcase>
  <testcase name="createAndGetProduct" classname="com.qa.test.GetProductAfterCreateTest" time="0.999">
    <system-out><![CDATA[Base URI Loaded = https://fakestoreapi.com
Created Product ID: 21
GET returned status 200 with empty or non-JSON body — accepted API behavior
]]></system-out>
  </testcase>
  <testcase name="getLimitedProducts" classname="com.qa.test.GetSingleProductTest" time="0.515">
    <system-out><![CDATA[Base URI Loaded = https://fakestoreapi.com
]]></system-out>
  </testcase>
  <testcase name="getProductById[1, 200](1)" classname="com.qa.test.GetSingleProductTest" time="0.656"/>
  <testcase name="getProductById[2, 200](2)" classname="com.qa.test.GetSingleProductTest" time="0.513"/>
  <testcase name="getProductById[3, 200](3)" classname="com.qa.test.GetSingleProductTest" time="0.495"/>
  <testcase name="getProductById_dynamic" classname="com.qa.test.GetSingleProductTest" time="1.05"/>
  <testcase name="partialUpdateUsingPOJOTest" classname="com.qa.test.PartialUpdateUsingPOJOTest" time="1.18">
    <system-out><![CDATA[Base URI Loaded = https://fakestoreapi.com
]]></system-out>
  </testcase>
  <testcase name="getProductsWithoutAuth_ShouldReturn401" classname="com.qa.test.UnauthorizedAccessTest" time="0.62">
    <system-out><![CDATA[Base URI Loaded = https://fakestoreapi.com
----- REQUEST -----
----- RESPONSE -----
HTTP/1.1 400 Bad Request
Server: cloudflare
Date: Tue, 20 Jan 2026 13:59:37 GMT
Content-Type: text/html
Content-Length: 155
Connection: close
CF-RAY: -

<html>
  <head>
    <title>400 Bad Request</title>
  </head>
  <body>
    <center>
      <h1>400 Bad Request</h1>
    </center>
    <hr/>
    <center>cloudflare</center>
  </body>
</html>
]]></system-out>
  </testcase>
  <testcase name="updateProductUsingPOJOTest" classname="com.qa.test.UpdateProductUsingPOJOTest" time="1.041">
    <system-out><![CDATA[Base URI Loaded = https://fakestoreapi.com
]]></system-out>
  </testcase>
</testsuite>