<?xml version="1.0" encoding="UTF-8"?>
<testng-results ignored="0" total="11" passed="11" failed="0" skipped="0">
  <reporter-output>
  </reporter-output>
  <suite started-at="2026-01-20T21:00:59 IST" name="API Automation Suite" finished-at="2026-01-20T21:01:09 IST" duration-ms="9383">
    <groups>
    </groups>
    <test started-at="2026-01-20T21:00:59 IST" name="API Tests" finished-at="2026-01-20T21:01:09 IST" duration-ms="9383">
      <class name="com.qa.test.PartialUpdateUsingPOJOTest">
        <test-method signature="partialUpdateUsingPOJOTest()[pri:0, instance:com.qa.test.PartialUpdateUsingPOJOTest@15ff3e9e]" started-at="2026-01-20T21:01:06 IST" name="partialUpdateUsingPOJOTest" finished-at="2026-01-20T21:01:07 IST" duration-ms="933" status="PASS">
          <reporter-output>
          </reporter-output>
        </test-method> <!-- partialUpdateUsingPOJOTest -->
        <test-method is-config="true" signature="setup()[pri:0, instance:com.qa.test.PartialUpdateUsingPOJOTest@15ff3e9e]" started-at="2026-01-20T21:01:06 IST" name="setup" finished-at="2026-01-20T21:01:06 IST" duration-ms="0" status="PASS">
          <reporter-output>
          </reporter-output>
        </test-method> <!-- setup -->
      </class> <!-- com.qa.test.PartialUpdateUsingPOJOTest -->
      <class name="com.qa.test.UnauthorizedAccessTest">
        <test-method signature="getProductsWithoutAuth_ShouldReturn401()[pri:0, instance:com.qa.test.UnauthorizedAccessTest@5fdcaa40]" started-at="2026-01-20T21:01:07 IST" name="getProductsWithoutAuth_ShouldReturn401" finished-at="2026-01-20T21:01:08 IST" duration-ms="533" status="PASS">
          <reporter-output>
          </reporter-output>
        </test-method> <!-- getProductsWithoutAuth_ShouldReturn401 -->
        <test-method is-config="true" signature="setup()[pri:0, instance:com.qa.test.UnauthorizedAccessTest@5fdcaa40]" started-at="2026-01-20T21:01:07 IST" name="setup" finished-at="2026-01-20T21:01:07 IST" duration-ms="0" status="PASS">
          <reporter-output>
          </reporter-output>
        </test-method> <!-- setup -->
      </class> <!-- com.qa.test.UnauthorizedAccessTest -->
      <class name="com.qa.test.GetSingleProductTest">
        <test-method signature="getLimitedProducts()[pri:0, instance:com.qa.test.GetSingleProductTest@7fa98a66]" started-at="2026-01-20T21:01:03 IST" name="getLimitedProducts" finished-at="2026-01-20T21:01:04 IST" duration-ms="598" status="PASS">
          <reporter-output>
          </reporter-output>
        </test-method> <!-- getLimitedProducts -->
        <test-method is-config="true" signature="setup()[pri:0, instance:com.qa.test.GetSingleProductTest@7fa98a66]" started-at="2026-01-20T21:01:03 IST" name="setup" finished-at="2026-01-20T21:01:03 IST" duration-ms="0" status="PASS">
          <reporter-output>
          </reporter-output>
        </test-method> <!-- setup -->
        <test-method signature="getProductById(int,int)[pri:0, instance:com.qa.test.GetSingleProductTest@7fa98a66]" started-at="2026-01-20T21:01:04 IST" name="getProductById" data-provider="productTestData" finished-at="2026-01-20T21:01:04 IST" duration-ms="500" status="PASS">
          <params>
            <param index="0">
              <value>
                <![CDATA[1]]>
              </value>
            </param>
            <param index="1">
              <value>
                <![CDATA[200]]>
              </value>
            </param>
          </params>
          <reporter-output>
          </reporter-output>
        </test-method> <!-- getProductById -->
        <test-method signature="getProductById(int,int)[pri:0, instance:com.qa.test.GetSingleProductTest@7fa98a66]" started-at="2026-01-20T21:01:04 IST" name="getProductById" data-provider="productTestData" finished-at="2026-01-20T21:01:05 IST" duration-ms="584" status="PASS">
          <params>
            <param index="0">
              <value>
                <![CDATA[2]]>
              </value>
            </param>
            <param index="1">
              <value>
                <![CDATA[200]]>
              </value>
            </param>
          </params>
          <reporter-output>
          </reporter-output>
        </test-method> <!-- getProductById -->
        <test-method signature="getProductById(int,int)[pri:0, instance:com.qa.test.GetSingleProductTest@7fa98a66]" started-at="2026-01-20T21:01:05 IST" name="getProductById" data-provider="productTestData" finished-at="2026-01-20T21:01:05 IST" duration-ms="482" status="PASS">
          <params>
            <param index="0">
              <value>
                <![CDATA[3]]>
              </value>
            </param>
            <param index="1">
              <value>
                <![CDATA[200]]>
              </value>
            </param>
          </params>
          <reporter-output>
          </reporter-output>
        </test-method> <!-- getProductById -->
        <test-method signature="getProductById_dynamic()[pri:0, instance:com.qa.test.GetSingleProductTest@7fa98a66]" started-at="2026-01-20T21:01:05 IST" name="getProductById_dynamic" finished-at="2026-01-20T21:01:06 IST" duration-ms="901" status="PASS">
          <reporter-output>
          </reporter-output>
        </test-method> <!-- getProductById_dynamic -->
      </class> <!-- com.qa.test.GetSingleProductTest -->
      <class name="com.qa.test.UpdateProductUsingPOJOTest">
        <test-method signature="updateProductUsingPOJOTest()[pri:0, instance:com.qa.test.UpdateProductUsingPOJOTest@6dc17b83]" started-at="2026-01-20T21:01:08 IST" name="updateProductUsingPOJOTest" finished-at="2026-01-20T21:01:09 IST" duration-ms="917" status="PASS">
          <reporter-output>
          </reporter-output>
        </test-method> <!-- updateProductUsingPOJOTest -->
        <test-method is-config="true" signature="setup()[pri:0, instance:com.qa.test.UpdateProductUsingPOJOTest@6dc17b83]" started-at="2026-01-20T21:01:08 IST" name="setup" finished-at="2026-01-20T21:01:08 IST" duration-ms="0" status="PASS">
          <reporter-output>
          </reporter-output>
        </test-method> <!-- setup -->
      </class> <!-- com.qa.test.UpdateProductUsingPOJOTest -->
      <class name="com.qa.test.GetProductAfterCreateTest">
        <test-method signature="createAndGetProduct()[pri:0, instance:com.qa.test.GetProductAfterCreateTest@1a451d4d]" started-at="2026-01-20T21:01:02 IST" name="createAndGetProduct" finished-at="2026-01-20T21:01:03 IST" duration-ms="882" status="PASS">
          <reporter-output>
          </reporter-output>
        </test-method> <!-- createAndGetProduct -->
        <test-method is-config="true" signature="setup()[pri:0, instance:com.qa.test.GetProductAfterCreateTest@1a451d4d]" started-at="2026-01-20T21:01:02 IST" name="setup" finished-at="2026-01-20T21:01:02 IST" duration-ms="0" status="PASS">
          <reporter-output>
          </reporter-output>
        </test-method> <!-- setup -->
      </class> <!-- com.qa.test.GetProductAfterCreateTest -->
      <class name="com.qa.test.CreateProductUsingPOJOTest">
        <test-method is-config="true" signature="setup()[pri:0, instance:com.qa.test.CreateProductUsingPOJOTest@1d9b7cce]" started-at="2026-01-20T21:00:59 IST" name="setup" finished-at="2026-01-20T21:01:00 IST" duration-ms="434" status="PASS">
          <reporter-output>
          </reporter-output>
        </test-method> <!-- setup -->
        <test-method signature="createProduct()[pri:0, instance:com.qa.test.CreateProductUsingPOJOTest@1d9b7cce]" started-at="2026-01-20T21:01:00 IST" name="createProduct" finished-at="2026-01-20T21:01:02 IST" duration-ms="2067" status="PASS">
          <reporter-output>
          </reporter-output>
        </test-method> <!-- createProduct -->
      </class> <!-- com.qa.test.CreateProductUsingPOJOTest -->
      <class name="com.qa.test.GetAllProductsTest">
        <test-method signature="getAllProducts()[pri:0, instance:com.qa.test.GetAllProductsTest@62150f9e]" started-at="2026-01-20T21:01:02 IST" name="getAllProducts" finished-at="2026-01-20T21:01:02 IST" duration-ms="501" status="PASS">
          <reporter-output>
          </reporter-output>
        </test-method> <!-- getAllProducts -->
        <test-method is-config="true" signature="setup()[pri:0, instance:com.qa.test.GetAllProductsTest@62150f9e]" started-at="2026-01-20T21:01:02 IST" name="setup" finished-at="2026-01-20T21:01:02 IST" duration-ms="0" status="PASS">
          <reporter-output>
          </reporter-output>
        </test-method> <!-- setup -->
      </class> <!-- com.qa.test.GetAllProductsTest -->
    </test> <!-- API Tests -->
  </suite> <!-- API Automation Suite -->
</testng-results>
