<?xml version="1.0" encoding="UTF-8"?>
<!-- Generated by org.testng.reporters.JUnitReportReporter -->
<testsuite hostname="DESKTOP-GI12ECJ" failures="0" tests="5" name="com.qa.test.GetSingleProductTest" time="4.525" errors="0" timestamp="2026-01-18T18:30:22 IST" skipped="0">
  <testcase classname="com.qa.test.GetSingleProductTest" name="getProductById" time="0.473"/>
  <testcase classname="com.qa.test.GetSingleProductTest" name="getProductById_dynamic" time="1.131"/>
  <testcase classname="com.qa.test.GetSingleProductTest" name="getLimitedProducts" time="1.805"/>
  <testcase classname="com.qa.test.GetSingleProductTest" name="getProductById" time="0.617"/>
  <testcase classname="com.qa.test.GetSingleProductTest" name="getProductById" time="0.499"/>
</testsuite> <!-- com.qa.test.GetSingleProductTest -->
