<?xml version="1.0" encoding="UTF-8"?>
<!-- Generated by org.testng.reporters.JUnitReportReporter -->
<testsuite hostname="DESKTOP-GI12ECJ" failures="0" tests="5" name="com.qa.test.GetSingleProductTest" time="3.230" errors="0" timestamp="2026-01-20T19:29:39 IST" skipped="0">
  <testcase classname="com.qa.test.GetSingleProductTest" name="getProductById" time="0.512"/>
  <testcase classname="com.qa.test.GetSingleProductTest" name="getProductById" time="0.494"/>
  <testcase classname="com.qa.test.GetSingleProductTest" name="getProductById_dynamic" time="1.051"/>
  <testcase classname="com.qa.test.GetSingleProductTest" name="getLimitedProducts" time="0.517"/>
  <testcase classname="com.qa.test.GetSingleProductTest" name="getProductById" time="0.656"/>
</testsuite> <!-- com.qa.test.GetSingleProductTest -->
