<?xml version="1.0" encoding="UTF-8"?>
<!-- Generated by org.testng.reporters.JUnitReportReporter -->
<testsuite hostname="DESKTOP-GI12ECJ" failures="0" tests="5" name="com.qa.test.GetSingleProductTest" time="3.065" errors="0" timestamp="2026-01-20T21:01:09 IST" skipped="0">
  <testcase classname="com.qa.test.GetSingleProductTest" name="getProductById" time="0.584"/>
  <testcase classname="com.qa.test.GetSingleProductTest" name="getProductById" time="0.482"/>
  <testcase classname="com.qa.test.GetSingleProductTest" name="getProductById" time="0.500"/>
  <testcase classname="com.qa.test.GetSingleProductTest" name="getProductById_dynamic" time="0.901"/>
  <testcase classname="com.qa.test.GetSingleProductTest" name="getLimitedProducts" time="0.598"/>
</testsuite> <!-- com.qa.test.GetSingleProductTest -->
